<?xml version="1.0" encoding="UTF-8"?>
<!-- Generated by org.testng.reporters.JUnitReportReporter -->
<testsuite hostname="vvandrangi" failures="0" tests="1" name="com.testing.commerceTest.RegisterPageTest" time="9.868" errors="0" timestamp="2023-01-26T13:05:57 IST" skipped="0">
  <testcase classname="com.testing.commerceTest.RegisterPageTest" name="registerUser" time="9.868"/>
  <system-out/>
</testsuite> <!-- com.testing.commerceTest.RegisterPageTest -->
