<?xml version="1.0" encoding="UTF-8"?>
<!-- Generated by org.testng.reporters.JUnitReportReporter -->
<testsuite hostname="vvandrangi" failures="0" tests="1" name="com.testing.commerceTest.AppTest" time="0.010" errors="0" timestamp="2023-01-26T13:05:57 IST" skipped="0">
  <testcase classname="com.testing.commerceTest.AppTest" name="shouldAnswerWithTrue" time="0.010"/>
  <system-out/>
</testsuite> <!-- com.testing.commerceTest.AppTest -->
