<?xml version="1.0" encoding="UTF-8"?>
<!-- Generated by org.testng.reporters.JUnitReportReporter -->
<testsuite hostname="vvandrangi" failures="0" tests="1" name="com.testing.commerceTest.RegisterPageTest" time="10.192" errors="0" timestamp="2023-01-26T17:01:42 IST" skipped="0">
  <testcase classname="com.testing.commerceTest.RegisterPageTest" name="registerUser" time="10.192"/>
  <system-out/>
</testsuite> <!-- com.testing.commerceTest.RegisterPageTest -->
