<?xml version="1.0" encoding="UTF-8"?>
<!-- Generated by org.testng.reporters.JUnitReportReporter -->
<testsuite hostname="vvandrangi" failures="0" tests="5" name="com.testing.commerceTest.LoginPageTest" time="11.096" errors="0" timestamp="2023-01-26T20:07:33 IST" skipped="0">
  <testcase classname="com.testing.commerceTest.LoginPageTest" name="LoginCommerce" time="2.324"/>
  <system-out/>
  <testcase classname="com.testing.commerceTest.LoginPageTest" name="updateGenderAfterLogin" time="4.113"/>
  <system-out/>
  <testcase classname="com.testing.commerceTest.LoginPageTest" name="loginwithoutCredentials" time="0.876"/>
  <system-out/>
  <testcase classname="com.testing.commerceTest.LoginPageTest" name="loginwithonlyEmail" time="1.565"/>
  <system-out/>
  <testcase classname="com.testing.commerceTest.LoginPageTest" name="loginwithInvalidUser" time="2.218"/>
  <system-out/>
</testsuite> <!-- com.testing.commerceTest.LoginPageTest -->
