<?xml version="1.0" encoding="UTF-8"?>
<!-- Generated by org.testng.reporters.JUnitReportReporter -->
<testsuite hostname="vvandrangi" failures="0" tests="1" name="com.testing.commerceTest.RegisterPageTest" time="11.326" errors="0" timestamp="2023-01-26T20:07:33 IST" skipped="0">
  <testcase classname="com.testing.commerceTest.RegisterPageTest" name="registerUser" time="11.326"/>
  <system-out/>
</testsuite> <!-- com.testing.commerceTest.RegisterPageTest -->
